<?xml version="1.0" encoding="UTF-8"?>
<!-- Generated by org.testng.reporters.JUnitReportReporter -->
<testsuite hostname="DESKTOP-175K8UN" failures="0" tests="2" name="Runner.RunCucumber" time="37.599" errors="0" timestamp="2023-08-06T15:30:31 IST" skipped="0">
  <testcase classname="Runner.RunCucumber" name="runScenario" time="18.525"/>
  <system-out/>
  <testcase classname="Runner.RunCucumber" name="runScenario" time="19.074"/>
  <system-out/>
</testsuite> <!-- Runner.RunCucumber -->
